Using pre-set license
Built from '2020.3/china_unity/release' branch; Version is '2020.3.26f1c1 (cf0e0a163043) revision 13569546'; Using compiler version '192528614'; Build Type 'Release'
OS: 'Windows 11  (10.0.22000) 64bit CoreCountrySpecific' Language: 'zh' Physical Memory: 16304 MB
BatchMode: 1, IsHumanControllingUs: 0, StartBugReporterOnCrash: 0, Is64bit: 1, IsPro: 0

COMMAND LINE ARGUMENTS:
C:\Program Files\Unity\Hub\Editor\2020.3.26f1c1\Editor\Unity.exe
-adb2
-batchMode
-noUpm
-name
AssetImportWorker0
-projectPath
C:/Users/stacey/Documents/GitHub/Drone-Swarm/Done/NAV2
-logFile
Logs/AssetImportWorker0.log
-srvPort
2960
Successfully changed project path to: C:/Users/stacey/Documents/GitHub/Drone-Swarm/Done/NAV2
C:/Users/stacey/Documents/GitHub/Drone-Swarm/Done/NAV2
Using Asset Import Pipeline V2.
AS: AutoStreaming module initializing.Refreshing native plugins compatible for Editor in 47.85 ms, found 2 plugins.
Preloading 0 native plugins for Editor in 0.00 ms.
Initialize engine version: 2020.3.26f1c1 (cf0e0a163043)
[Subsystems] Discovering subsystems at path C:/Program Files/Unity/Hub/Editor/2020.3.26f1c1/Editor/Data/Resources/UnitySubsystems
[Subsystems] Discovering subsystems at path C:/Users/stacey/Documents/GitHub/Drone-Swarm/Done/NAV2/Assets
GfxDevice: creating device client; threaded=0
Direct3D:
    Version:  Direct3D 11.0 [level 11.1]
    Renderer: NVIDIA GeForce GTX 1660 Ti (ID=0x2191)
    Vendor:   
    VRAM:     5991 MB
    Driver:   27.21.14.5749
Initialize mono
Mono path[0] = 'C:/Program Files/Unity/Hub/Editor/2020.3.26f1c1/Editor/Data/Managed'
Mono path[1] = 'C:/Program Files/Unity/Hub/Editor/2020.3.26f1c1/Editor/Data/MonoBleedingEdge/lib/mono/unityjit'
Mono config path = 'C:/Program Files/Unity/Hub/Editor/2020.3.26f1c1/Editor/Data/MonoBleedingEdge/etc'
Using monoOptions --debugger-agent=transport=dt_socket,embedding=1,server=y,suspend=n,address=127.0.0.1:56104
Begin MonoManager ReloadAssembly
Registering precompiled unity dll's ...
Register platform support module: C:/Program Files/Unity/Hub/Editor/2020.3.26f1c1/Editor/Data/PlaybackEngines/WindowsStandaloneSupport/UnityEditor.WindowsStandalone.Extensions.dll
Registered in 0.004100 seconds.
Native extension for WindowsStandalone target not found
Refreshing native plugins compatible for Editor in 36.43 ms, found 2 plugins.
Preloading 0 native plugins for Editor in 0.00 ms.
Mono: successfully reloaded assembly
- Completed reload, in  0.613 seconds
Domain Reload Profiling:
	ReloadAssembly (614ms)
		BeginReloadAssembly (78ms)
			ExecutionOrderSort (0ms)
			DisableScriptedObjects (0ms)
			BackupInstance (0ms)
			ReleaseScriptingObjects (0ms)
			CreateAndSetChildDomain (1ms)
		EndReloadAssembly (453ms)
			LoadAssemblies (73ms)
			RebuildTransferFunctionScriptingTraits (0ms)
			SetupTypeCache (143ms)
			ReleaseScriptCaches (0ms)
			RebuildScriptCaches (30ms)
			SetupLoadedEditorAssemblies (162ms)
				LogAssemblyErrors (0ms)
				InitializePlatformSupportModulesInManaged (4ms)
				SetLoadedEditorAssemblies (0ms)
				RefreshPlugins (37ms)
				BeforeProcessingInitializeOnLoad (12ms)
				ProcessInitializeOnLoadAttributes (82ms)
				ProcessInitializeOnLoadMethodAttributes (27ms)
				AfterProcessingInitializeOnLoad (0ms)
				EditorAssembliesLoaded (0ms)
			ExecutionOrderSort2 (0ms)
			AwakeInstancesAfterBackupRestoration (0ms)
Platform modules already initialized, skipping
Registering precompiled user dll's ...
Registered in 0.011336 seconds.
Begin MonoManager ReloadAssembly
Native extension for WindowsStandalone target not found
Refreshing native plugins compatible for Editor in 0.38 ms, found 2 plugins.
Preloading 0 native plugins for Editor in 0.00 ms.
Mono: successfully reloaded assembly
- Completed reload, in  1.077 seconds
Domain Reload Profiling:
	ReloadAssembly (1078ms)
		BeginReloadAssembly (163ms)
			ExecutionOrderSort (0ms)
			DisableScriptedObjects (4ms)
			BackupInstance (0ms)
			ReleaseScriptingObjects (0ms)
			CreateAndSetChildDomain (17ms)
		EndReloadAssembly (837ms)
			LoadAssemblies (115ms)
			RebuildTransferFunctionScriptingTraits (0ms)
			SetupTypeCache (287ms)
			ReleaseScriptCaches (0ms)
			RebuildScriptCaches (44ms)
			SetupLoadedEditorAssemblies (314ms)
				LogAssemblyErrors (0ms)
				InitializePlatformSupportModulesInManaged (5ms)
				SetLoadedEditorAssemblies (1ms)
				RefreshPlugins (0ms)
				BeforeProcessingInitializeOnLoad (107ms)
				ProcessInitializeOnLoadAttributes (178ms)
				ProcessInitializeOnLoadMethodAttributes (9ms)
				AfterProcessingInitializeOnLoad (15ms)
				EditorAssembliesLoaded (0ms)
			ExecutionOrderSort2 (0ms)
			AwakeInstancesAfterBackupRestoration (7ms)
Platform modules already initialized, skipping
========================================================================
Worker process is ready to serve import requests
Launched and connected shader compiler UnityShaderCompiler.exe after 0.05 seconds
Refreshing native plugins compatible for Editor in 0.35 ms, found 2 plugins.
Preloading 0 native plugins for Editor in 0.00 ms.
Unloading 1654 Unused Serialized files (Serialized files now loaded: 0)
System memory in use before: 79.8 MB.
System memory in use after: 79.8 MB.

Unloading 23 unused Assets to reduce memory usage. Loaded Objects now: 2084.
Total: 2.537100 ms (FindLiveObjects: 0.134100 ms CreateObjectMapping: 0.043200 ms MarkObjects: 2.305900 ms  DeleteObjects: 0.052900 ms)

AssetImportParameters requested are different than current active one (requested -> active):
  custom:framework-win-MediaFoundation: 216162199b28c13a410421893ffa2e32 -> 
  custom:video-decoder-ogg-theora: a1e56fd34408186e4bbccfd4996cb3dc -> 
  custom:container-muxer-webm: aa71ff27fc2769a1b78a27578f13a17b -> 
  custom:container-demuxer-webm: 4f35f7cbe854078d1ac9338744f61a02 -> 
  custom:container-demuxer-ogg: 62fdf1f143b41e24485cea50d1cbac27 -> 
  custom:video-encoder-webm-vp8: eb34c28f22e8b96e1ab97ce403110664 -> 
  custom:video-codec-MediaFoundation-h265: 746d11721c4dcdbdad8f713fa42b33f4 -> 
  custom:video-decoder-webm-vp8: 9c59270c3fd7afecdb556c50c9e8de78 -> 
  custom:audio-decoder-ogg-vorbis: bf7c407c2cedff20999df2af8eb42d56 -> 
  custom:audio-encoder-webm-vorbis: bf7c407c2cedff20999df2af8eb42d56 -> 
========================================================================
Received Import Request.
  path: Assets/_TerrainAutoUpgrade/layer_checkerGround3d3aba195e4d26ee.terrainlayer
  artifactKey: Guid(221b705baaf712c49a50025ca1f17e24) Importer(815301076,1909f56bfc062723c751e8b465ee728b)
Start importing Assets/_TerrainAutoUpgrade/layer_checkerGround3d3aba195e4d26ee.terrainlayer using Guid(221b705baaf712c49a50025ca1f17e24) Importer(815301076,1909f56bfc062723c751e8b465ee728b)  -> (artifact id: '87d0f80adca09461ae43018ec257adf4') in 0.112862 seconds 
  Import took 0.115204 seconds .

========================================================================
Received Import Request.
  Time since last request: 1.086191 seconds.
  path: Assets/Scenes/SampleScene.unity
  artifactKey: Guid(9fc0d4010bbf28b4594072e72b8655ab) Importer(815301076,1909f56bfc062723c751e8b465ee728b)
Start importing Assets/Scenes/SampleScene.unity using Guid(9fc0d4010bbf28b4594072e72b8655ab) Importer(815301076,1909f56bfc062723c751e8b465ee728b)  -> (artifact id: '85059f4f9e1a832ed95adaa0d25c5c4c') in 0.004730 seconds 
  Import took 0.007651 seconds .

========================================================================
Received Import Request.
  Time since last request: 8.864021 seconds.
  path: Assets/AstarPathfindingProject/ExampleScenes/Example3_Recast_Navmesh1/Debris.prefab
  artifactKey: Guid(deba0a6f7ec514207b7e850591a6f942) Importer(815301076,1909f56bfc062723c751e8b465ee728b)
Start importing Assets/AstarPathfindingProject/ExampleScenes/Example3_Recast_Navmesh1/Debris.prefab using Guid(deba0a6f7ec514207b7e850591a6f942) Importer(815301076,1909f56bfc062723c751e8b465ee728b) Diagnostics callstack to track who triggered the sub-import:
0x00007ff729e82882 (Unity) ImporterAssetResolver::ResolveAsset
0x00007ff729e54642 (Unity) ResolveArtifactV2
0x00007ff729e6d7d0 (Unity) ImportToObjects
0x00007ff729e6cc18 (Unity) ImportAsset
0x00007ff729e07028 (Unity) AssetImportWorker::Import
0x00007ff729e2cd5a (Unity) <lambda_8fdfbb4da68d89f311032f5c0f323e82>::operator()
0x00007ff729eb3d62 (Unity) asio::detail::completion_handler<core::mutable_function<void __cdecl(void)> >::do_complete
0x00007ff729eb5ec0 (Unity) asio::detail::win_iocp_io_service::do_one
0x00007ff729eb963e (Unity) asio::io_service::run
0x00007ff729e5535b (Unity) RunAssetImportWorkerClientV2
0x00007ff729e553b0 (Unity) RunAssetImporterV2
0x00007ff7298f085d (Unity) Application::InitializeProject
0x00007ff729d514a2 (Unity) WinMain
0x00007ff72b40e0c2 (Unity) __scrt_common_main_seh
0x00007ffcb88d54e0 (KERNEL32) BaseThreadInitThunk
0x00007ffcb9a6485b (ntdll) RtlUserThreadStart

Requesting import of Guid(deba0a6f7ec514207b7e850591a6f942) Importer(-1,00000000000000000000000000000000), Assets/AstarPathfindingProject/ExampleScenes/Example3_Recast_Navmesh1/Debris.prefab from editor
Resuming Guid(deba0a6f7ec514207b7e850591a6f942) Importer(-1,00000000000000000000000000000000) -> 6e5dd550260e1b76a88aabce04780fd6 
Assertion failed on expression: 'state.state == kUpToDate'
Assertion failed on expression: 'state.artifactID == result'
Diagnostics callstack to track who triggered the sub-import:
0x00007ff729e82882 (Unity) ImporterAssetResolver::ResolveAsset
0x00007ff729e54642 (Unity) ResolveArtifactV2
0x00007ff729e4c731 (Unity) ProduceArtifactV2
0x00007ff729de2c5e (Unity) AssetDatabase::ProduceArtifact
0x00007ff729dccbb8 (Unity) PreviewImporter::GenerateAssetData
0x00007ff729e6dba2 (Unity) ImportToObjects
0x00007ff729e6cc18 (Unity) ImportAsset
0x00007ff729e07028 (Unity) AssetImportWorker::Import
0x00007ff729e2cd5a (Unity) <lambda_8fdfbb4da68d89f311032f5c0f323e82>::operator()
0x00007ff729eb3d62 (Unity) asio::detail::completion_handler<core::mutable_function<void __cdecl(void)> >::do_complete
0x00007ff729eb5ec0 (Unity) asio::detail::win_iocp_io_service::do_one
0x00007ff729eb963e (Unity) asio::io_service::run
0x00007ff729e5535b (Unity) RunAssetImportWorkerClientV2
0x00007ff729e553b0 (Unity) RunAssetImporterV2
0x00007ff7298f085d (Unity) Application::InitializeProject
0x00007ff729d514a2 (Unity) WinMain
0x00007ff72b40e0c2 (Unity) __scrt_common_main_seh
0x00007ffcb88d54e0 (KERNEL32) BaseThreadInitThunk
0x00007ffcb9a6485b (ntdll) RtlUserThreadStart

Requesting import of Guid(deba0a6f7ec514207b7e850591a6f942) Importer(-1,00000000000000000000000000000000), Assets/AstarPathfindingProject/ExampleScenes/Example3_Recast_Navmesh1/Debris.prefab from editor
Resuming Guid(deba0a6f7ec514207b7e850591a6f942) Importer(-1,00000000000000000000000000000000) -> 6e5dd550260e1b76a88aabce04780fd6 
Assertion failed on expression: 'state.state == kUpToDate'
Assertion failed on expression: 'state.artifactID == result'
 -> (artifact id: 'f17f4c7d6cb02d3d582df4afad445a1f') in 0.359568 seconds 
  Import took 0.362508 seconds .

========================================================================
Received Import Request.
  Time since last request: 0.000214 seconds.
  path: Assets/AstarPathfindingProject/ExampleScenes/Example12_Procedural/ProceduralPrefab3.prefab
  artifactKey: Guid(18cb121974c6b4be387c66d4e1ce5bf8) Importer(815301076,1909f56bfc062723c751e8b465ee728b)
Start importing Assets/AstarPathfindingProject/ExampleScenes/Example12_Procedural/ProceduralPrefab3.prefab using Guid(18cb121974c6b4be387c66d4e1ce5bf8) Importer(815301076,1909f56bfc062723c751e8b465ee728b)  -> (artifact id: '5349f3541681e2b3695346456d4e0140') in 0.137667 seconds 
  Import took 0.139957 seconds .

========================================================================
Received Import Request.
  Time since last request: 0.000215 seconds.
  path: Assets/AstarPathfindingProject/ExampleScenes/Prefabs/SomeBox.prefab
  artifactKey: Guid(b1a1bb6d1bcc546df826488cc72438c3) Importer(815301076,1909f56bfc062723c751e8b465ee728b)
Start importing Assets/AstarPathfindingProject/ExampleScenes/Prefabs/SomeBox.prefab using Guid(b1a1bb6d1bcc546df826488cc72438c3) Importer(815301076,1909f56bfc062723c751e8b465ee728b)  -> (artifact id: 'c66844badc3c5c4023b3573f9a30d1be') in 0.013261 seconds 
  Import took 0.016108 seconds .

========================================================================
Received Import Request.
  Time since last request: 0.000239 seconds.
  path: Assets/AstarPathfindingProject/ExampleScenes/Example12_Procedural/ProceduralPrefab2.prefab
  artifactKey: Guid(1c63e47cea3074ee89305fd4cefa91e8) Importer(815301076,1909f56bfc062723c751e8b465ee728b)
Start importing Assets/AstarPathfindingProject/ExampleScenes/Example12_Procedural/ProceduralPrefab2.prefab using Guid(1c63e47cea3074ee89305fd4cefa91e8) Importer(815301076,1909f56bfc062723c751e8b465ee728b)  -> (artifact id: 'be740cb442f4bd9c022d9100891b4c7e') in 0.013000 seconds 
  Import took 0.016156 seconds .

========================================================================
Received Import Request.
  Time since last request: 0.000413 seconds.
  path: Assets/AstarPathfindingProject/ExampleScenes/Prefabs/DynamicObstacle.prefab
  artifactKey: Guid(4267c4f7628024c018e8bd0acd298526) Importer(815301076,1909f56bfc062723c751e8b465ee728b)
Start importing Assets/AstarPathfindingProject/ExampleScenes/Prefabs/DynamicObstacle.prefab using Guid(4267c4f7628024c018e8bd0acd298526) Importer(815301076,1909f56bfc062723c751e8b465ee728b) Diagnostics callstack to track who triggered the sub-import:
0x00007ff729e82882 (Unity) ImporterAssetResolver::ResolveAsset
0x00007ff729e54642 (Unity) ResolveArtifactV2
0x00007ff729e6d7d0 (Unity) ImportToObjects
0x00007ff729e6cc18 (Unity) ImportAsset
0x00007ff729e07028 (Unity) AssetImportWorker::Import
0x00007ff729e2cd5a (Unity) <lambda_8fdfbb4da68d89f311032f5c0f323e82>::operator()
0x00007ff729eb3d62 (Unity) asio::detail::completion_handler<core::mutable_function<void __cdecl(void)> >::do_complete
0x00007ff729eb5ec0 (Unity) asio::detail::win_iocp_io_service::do_one
0x00007ff729eb963e (Unity) asio::io_service::run
0x00007ff729e5535b (Unity) RunAssetImportWorkerClientV2
0x00007ff729e553b0 (Unity) RunAssetImporterV2
0x00007ff7298f085d (Unity) Application::InitializeProject
0x00007ff729d514a2 (Unity) WinMain
0x00007ff72b40e0c2 (Unity) __scrt_common_main_seh
0x00007ffcb88d54e0 (KERNEL32) BaseThreadInitThunk
0x00007ffcb9a6485b (ntdll) RtlUserThreadStart

Requesting import of Guid(4267c4f7628024c018e8bd0acd298526) Importer(-1,00000000000000000000000000000000), Assets/AstarPathfindingProject/ExampleScenes/Prefabs/DynamicObstacle.prefab from editor
Resuming Guid(4267c4f7628024c018e8bd0acd298526) Importer(-1,00000000000000000000000000000000) -> 452ce7ba7c150f54c46681a9ba06e42b 
Assertion failed on expression: 'state.state == kUpToDate'
Assertion failed on expression: 'state.artifactID == result'
Diagnostics callstack to track who triggered the sub-import:
0x00007ff729e82882 (Unity) ImporterAssetResolver::ResolveAsset
0x00007ff729e54642 (Unity) ResolveArtifactV2
0x00007ff729e4c731 (Unity) ProduceArtifactV2
0x00007ff729de2c5e (Unity) AssetDatabase::ProduceArtifact
0x00007ff729dccbb8 (Unity) PreviewImporter::GenerateAssetData
0x00007ff729e6dba2 (Unity) ImportToObjects
0x00007ff729e6cc18 (Unity) ImportAsset
0x00007ff729e07028 (Unity) AssetImportWorker::Import
0x00007ff729e2cd5a (Unity) <lambda_8fdfbb4da68d89f311032f5c0f323e82>::operator()
0x00007ff729eb3d62 (Unity) asio::detail::completion_handler<core::mutable_function<void __cdecl(void)> >::do_complete
0x00007ff729eb5ec0 (Unity) asio::detail::win_iocp_io_service::do_one
0x00007ff729eb963e (Unity) asio::io_service::run
0x00007ff729e5535b (Unity) RunAssetImportWorkerClientV2
0x00007ff729e553b0 (Unity) RunAssetImporterV2
0x00007ff7298f085d (Unity) Application::InitializeProject
0x00007ff729d514a2 (Unity) WinMain
0x00007ff72b40e0c2 (Unity) __scrt_common_main_seh
0x00007ffcb88d54e0 (KERNEL32) BaseThreadInitThunk
0x00007ffcb9a6485b (ntdll) RtlUserThreadStart

Requesting import of Guid(4267c4f7628024c018e8bd0acd298526) Importer(-1,00000000000000000000000000000000), Assets/AstarPathfindingProject/ExampleScenes/Prefabs/DynamicObstacle.prefab from editor
Resuming Guid(4267c4f7628024c018e8bd0acd298526) Importer(-1,00000000000000000000000000000000) -> 452ce7ba7c150f54c46681a9ba06e42b 
Assertion failed on expression: 'state.state == kUpToDate'
Assertion failed on expression: 'state.artifactID == result'
 -> (artifact id: '75244047a9472519353a0bbe6b70378d') in 0.006822 seconds 
  Import took 0.010009 seconds .

========================================================================
Received Import Request.
  Time since last request: 0.000225 seconds.
  path: Assets/AstarPathfindingProject/ExampleScenes/Example12_Procedural/ProceduralPrefab1.prefab
  artifactKey: Guid(b11992e5e8afb4e63a1ccab9daf6f07c) Importer(815301076,1909f56bfc062723c751e8b465ee728b)
Start importing Assets/AstarPathfindingProject/ExampleScenes/Example12_Procedural/ProceduralPrefab1.prefab using Guid(b11992e5e8afb4e63a1ccab9daf6f07c) Importer(815301076,1909f56bfc062723c751e8b465ee728b)  -> (artifact id: '8287d3e36f9baf76409b4c2be1c1cf6c') in 0.011355 seconds 
  Import took 0.014203 seconds .

========================================================================
Received Import Request.
  Time since last request: 0.000200 seconds.
  path: Assets/AstarPathfindingProject/ExampleScenes/Example12_Procedural/ProceduralGround.prefab
  artifactKey: Guid(61432558c555740a38a88fa99d358883) Importer(815301076,1909f56bfc062723c751e8b465ee728b)
Start importing Assets/AstarPathfindingProject/ExampleScenes/Example12_Procedural/ProceduralGround.prefab using Guid(61432558c555740a38a88fa99d358883) Importer(815301076,1909f56bfc062723c751e8b465ee728b)  -> (artifact id: '52a3ba461c9bb2a5341442043bda9bdd') in 0.009899 seconds 
  Import took 0.012188 seconds .

========================================================================
Received Import Request.
  Time since last request: 0.000257 seconds.
  path: Assets/AstarPathfindingProject/ExampleScenes/Example11_RVO/RVOAgent.prefab
  artifactKey: Guid(dbf1877db1c4f4ff3930d903c0f5bb28) Importer(815301076,1909f56bfc062723c751e8b465ee728b)
Start importing Assets/AstarPathfindingProject/ExampleScenes/Example11_RVO/RVOAgent.prefab using Guid(dbf1877db1c4f4ff3930d903c0f5bb28) Importer(815301076,1909f56bfc062723c751e8b465ee728b) Diagnostics callstack to track who triggered the sub-import:
0x00007ff729e82882 (Unity) ImporterAssetResolver::ResolveAsset
0x00007ff729e54642 (Unity) ResolveArtifactV2
0x00007ff729e6d7d0 (Unity) ImportToObjects
0x00007ff729e6cc18 (Unity) ImportAsset
0x00007ff729e07028 (Unity) AssetImportWorker::Import
0x00007ff729e2cd5a (Unity) <lambda_8fdfbb4da68d89f311032f5c0f323e82>::operator()
0x00007ff729eb3d62 (Unity) asio::detail::completion_handler<core::mutable_function<void __cdecl(void)> >::do_complete
0x00007ff729eb5ec0 (Unity) asio::detail::win_iocp_io_service::do_one
0x00007ff729eb963e (Unity) asio::io_service::run
0x00007ff729e5535b (Unity) RunAssetImportWorkerClientV2
0x00007ff729e553b0 (Unity) RunAssetImporterV2
0x00007ff7298f085d (Unity) Application::InitializeProject
0x00007ff729d514a2 (Unity) WinMain
0x00007ff72b40e0c2 (Unity) __scrt_common_main_seh
0x00007ffcb88d54e0 (KERNEL32) BaseThreadInitThunk
0x00007ffcb9a6485b (ntdll) RtlUserThreadStart

Requesting import of Guid(dbf1877db1c4f4ff3930d903c0f5bb28) Importer(-1,00000000000000000000000000000000), Assets/AstarPathfindingProject/ExampleScenes/Example11_RVO/RVOAgent.prefab from editor
Resuming Guid(dbf1877db1c4f4ff3930d903c0f5bb28) Importer(-1,00000000000000000000000000000000) -> 1b48fffe7d800d21c14b92804087a933 
Assertion failed on expression: 'state.state == kUpToDate'
Assertion failed on expression: 'state.artifactID == result'
Diagnostics callstack to track who triggered the sub-import:
0x00007ff729e82882 (Unity) ImporterAssetResolver::ResolveAsset
0x00007ff729e54642 (Unity) ResolveArtifactV2
0x00007ff729e4c731 (Unity) ProduceArtifactV2
0x00007ff729de2c5e (Unity) AssetDatabase::ProduceArtifact
0x00007ff729dccbb8 (Unity) PreviewImporter::GenerateAssetData
0x00007ff729e6dba2 (Unity) ImportToObjects
0x00007ff729e6cc18 (Unity) ImportAsset
0x00007ff729e07028 (Unity) AssetImportWorker::Import
0x00007ff729e2cd5a (Unity) <lambda_8fdfbb4da68d89f311032f5c0f323e82>::operator()
0x00007ff729eb3d62 (Unity) asio::detail::completion_handler<core::mutable_function<void __cdecl(void)> >::do_complete
0x00007ff729eb5ec0 (Unity) asio::detail::win_iocp_io_service::do_one
0x00007ff729eb963e (Unity) asio::io_service::run
0x00007ff729e5535b (Unity) RunAssetImportWorkerClientV2
0x00007ff729e553b0 (Unity) RunAssetImporterV2
0x00007ff7298f085d (Unity) Application::InitializeProject
0x00007ff729d514a2 (Unity) WinMain
0x00007ff72b40e0c2 (Unity) __scrt_common_main_seh
0x00007ffcb88d54e0 (KERNEL32) BaseThreadInitThunk
0x00007ffcb9a6485b (ntdll) RtlUserThreadStart

Requesting import of Guid(dbf1877db1c4f4ff3930d903c0f5bb28) Importer(-1,00000000000000000000000000000000), Assets/AstarPathfindingProject/ExampleScenes/Example11_RVO/RVOAgent.prefab from editor
Resuming Guid(dbf1877db1c4f4ff3930d903c0f5bb28) Importer(-1,00000000000000000000000000000000) -> 1b48fffe7d800d21c14b92804087a933 
Assertion failed on expression: 'state.state == kUpToDate'
Assertion failed on expression: 'state.artifactID == result'
 -> (artifact id: 'f264f457c9d0bb69a01c8f7d8ab144a3') in 0.006880 seconds 
  Import took 0.009364 seconds .

========================================================================
Received Import Request.
  Time since last request: 0.000238 seconds.
  path: Assets/AstarPathfindingProject/ExampleScenes/Prefabs/TargetReachedEffect.prefab
  artifactKey: Guid(441e67a4721e749f0bca9581956f2729) Importer(815301076,1909f56bfc062723c751e8b465ee728b)
Start importing Assets/AstarPathfindingProject/ExampleScenes/Prefabs/TargetReachedEffect.prefab using Guid(441e67a4721e749f0bca9581956f2729) Importer(815301076,1909f56bfc062723c751e8b465ee728b)  -> (artifact id: 'c141c265f16f4644c1b7e2c63dcbad6a') in 0.006587 seconds 
  Import took 0.009783 seconds .

========================================================================
Received Import Request.
  Time since last request: 0.000258 seconds.
  path: Assets/AstarPathfindingProject/ExampleScenes/Example8_PathTypes/pathSquare.prefab
  artifactKey: Guid(539c01fc2687544cb8fb54e030a27f5f) Importer(815301076,1909f56bfc062723c751e8b465ee728b)
Start importing Assets/AstarPathfindingProject/ExampleScenes/Example8_PathTypes/pathSquare.prefab using Guid(539c01fc2687544cb8fb54e030a27f5f) Importer(815301076,1909f56bfc062723c751e8b465ee728b)  -> (artifact id: '259966bbc9248af221859e1be660d62f') in 0.013159 seconds 
  Import took 0.015803 seconds .

========================================================================
Received Import Request.
  Time since last request: 0.205049 seconds.
  path: Assets/AstarPathfindingProject/ExampleScenes/Example12_Procedural/cylinder.fbx
  artifactKey: Guid(436b69414b04047fca3929c70df57c4f) Importer(815301076,1909f56bfc062723c751e8b465ee728b)
Start importing Assets/AstarPathfindingProject/ExampleScenes/Example12_Procedural/cylinder.fbx using Guid(436b69414b04047fca3929c70df57c4f) Importer(815301076,1909f56bfc062723c751e8b465ee728b)  -> (artifact id: '4428dee784498db8975924588d559f5d') in 0.090139 seconds 
  Import took 0.092638 seconds .

========================================================================
Received Import Request.
  Time since last request: 0.000256 seconds.
  path: Assets/AstarPathfindingProject/ExampleScenes/Prefabs/MineBot/mine_bot@back.FBX
  artifactKey: Guid(a13fed205b1fa3942abfab7ba21463ec) Importer(815301076,1909f56bfc062723c751e8b465ee728b)
Start importing Assets/AstarPathfindingProject/ExampleScenes/Prefabs/MineBot/mine_bot@back.FBX using Guid(a13fed205b1fa3942abfab7ba21463ec) Importer(815301076,1909f56bfc062723c751e8b465ee728b)  -> (artifact id: '19b95634c4d3d977e5f04db6a116090a') in 0.051792 seconds 
  Import took 0.054709 seconds .

========================================================================
Received Import Request.
  Time since last request: 0.000258 seconds.
  path: Assets/AstarPathfindingProject/ExampleScenes/Prefabs/MineBot/mine_bot@right.FBX
  artifactKey: Guid(f8136785e54fd1d459d2a3a0849fe770) Importer(815301076,1909f56bfc062723c751e8b465ee728b)
Start importing Assets/AstarPathfindingProject/ExampleScenes/Prefabs/MineBot/mine_bot@right.FBX using Guid(f8136785e54fd1d459d2a3a0849fe770) Importer(815301076,1909f56bfc062723c751e8b465ee728b)  -> (artifact id: '525dc67e49fac504570ef557c9bf8c64') in 0.050415 seconds 
  Import took 0.053258 seconds .

========================================================================
Received Import Request.
  Time since last request: 0.000238 seconds.
  path: Assets/AstarPathfindingProject/ExampleScenes/Prefabs/MineBot/mine_bot.FBX
  artifactKey: Guid(caeffedc34d9f4161b7694ad0d84bbd3) Importer(815301076,1909f56bfc062723c751e8b465ee728b)
Start importing Assets/AstarPathfindingProject/ExampleScenes/Prefabs/MineBot/mine_bot.FBX using Guid(caeffedc34d9f4161b7694ad0d84bbd3) Importer(815301076,1909f56bfc062723c751e8b465ee728b)  -> (artifact id: '33f49c2809683c4a8de3d78bb3a7033e') in 0.046650 seconds 
  Import took 0.049230 seconds .

========================================================================
Received Import Request.
  Time since last request: 0.000214 seconds.
  path: Assets/AstarPathfindingProject/ExampleScenes/Prefabs/MineBot/mine_bot@forward.FBX
  artifactKey: Guid(1da85f72a7a82bc4eabdbd8f0683bde2) Importer(815301076,1909f56bfc062723c751e8b465ee728b)
Start importing Assets/AstarPathfindingProject/ExampleScenes/Prefabs/MineBot/mine_bot@forward.FBX using Guid(1da85f72a7a82bc4eabdbd8f0683bde2) Importer(815301076,1909f56bfc062723c751e8b465ee728b)  -> (artifact id: 'c556e8c5d357e341a2c061abe6cd0135') in 0.049952 seconds 
  Import took 0.052947 seconds .

========================================================================
Received Import Request.
  Time since last request: 0.000259 seconds.
  path: Assets/AstarPathfindingProject/ExampleScenes/Prefabs/MineBot/mine_bot@awake.FBX
  artifactKey: Guid(7e212db0aa2c00b448aa511ece336f20) Importer(815301076,1909f56bfc062723c751e8b465ee728b)
Start importing Assets/AstarPathfindingProject/ExampleScenes/Prefabs/MineBot/mine_bot@awake.FBX using Guid(7e212db0aa2c00b448aa511ece336f20) Importer(815301076,1909f56bfc062723c751e8b465ee728b)  -> (artifact id: 'b4526f2650b38bdc0a518bd6090ace62') in 0.049591 seconds 
  Import took 0.052190 seconds .

========================================================================
Received Import Request.
  Time since last request: 0.000204 seconds.
  path: Assets/AstarPathfindingProject/ExampleScenes/Example6_Navmesh/navmesh.obj
  artifactKey: Guid(6ac6694dd977643948f7ae7305e370ba) Importer(815301076,1909f56bfc062723c751e8b465ee728b)
Start importing Assets/AstarPathfindingProject/ExampleScenes/Example6_Navmesh/navmesh.obj using Guid(6ac6694dd977643948f7ae7305e370ba) Importer(815301076,1909f56bfc062723c751e8b465ee728b)  -> (artifact id: 'ab0afd431fbb3bc0676c7f4331f702be') in 0.023865 seconds 
  Import took 0.026239 seconds .

========================================================================
Received Import Request.
  Time since last request: 0.000196 seconds.
  path: Assets/AstarPathfindingProject/ExampleScenes/Example6_Navmesh/example6.fbx
  artifactKey: Guid(7fdfb9a3e0fdf4df880ebc7fa5f56398) Importer(815301076,1909f56bfc062723c751e8b465ee728b)
Start importing Assets/AstarPathfindingProject/ExampleScenes/Example6_Navmesh/example6.fbx using Guid(7fdfb9a3e0fdf4df880ebc7fa5f56398) Importer(815301076,1909f56bfc062723c751e8b465ee728b)  -> (artifact id: 'e90d029637f0f96c0aa06bab187a6df8') in 0.016989 seconds 
  Import took 0.019375 seconds .

========================================================================
Received Import Request.
  Time since last request: 0.000217 seconds.
  path: Assets/AstarPathfindingProject/ExampleScenes/Example13_Moving/ship.fbx
  artifactKey: Guid(7c600eaf3f82d413b82711b6050e8cae) Importer(815301076,1909f56bfc062723c751e8b465ee728b)
Start importing Assets/AstarPathfindingProject/ExampleScenes/Example13_Moving/ship.fbx using Guid(7c600eaf3f82d413b82711b6050e8cae) Importer(815301076,1909f56bfc062723c751e8b465ee728b)  -> (artifact id: '47874b063b950d620080c0eb2dbf22be') in 0.041197 seconds 
  Import took 0.043600 seconds .

========================================================================
Received Import Request.
  Time since last request: 0.000203 seconds.
  path: Assets/AstarPathfindingProject/ExampleScenes/Prefabs/MineBot/mine_bot@left.FBX
  artifactKey: Guid(b667956babf1f0446a76fa8b99404ab8) Importer(815301076,1909f56bfc062723c751e8b465ee728b)
Start importing Assets/AstarPathfindingProject/ExampleScenes/Prefabs/MineBot/mine_bot@left.FBX using Guid(b667956babf1f0446a76fa8b99404ab8) Importer(815301076,1909f56bfc062723c751e8b465ee728b)  -> (artifact id: '1c100cd313c6c289bf919af3506629da') in 0.046882 seconds 
  Import took 0.049277 seconds .

========================================================================
Received Import Request.
  Time since last request: 0.221700 seconds.
  path: Assets/AstarPathfindingProject/ExampleScenes/Materials/AI.mat
  artifactKey: Guid(db55ebdb9473a4a80a0037f64aafccce) Importer(815301076,1909f56bfc062723c751e8b465ee728b)
Start importing Assets/AstarPathfindingProject/ExampleScenes/Materials/AI.mat using Guid(db55ebdb9473a4a80a0037f64aafccce) Importer(815301076,1909f56bfc062723c751e8b465ee728b)  -> (artifact id: '7298a1af4e67b4ae3c246af87ab4ec2a') in 0.030210 seconds 
  Import took 0.032683 seconds .

========================================================================
Received Import Request.
  Time since last request: 0.000258 seconds.
  path: Assets/AstarPathfindingProject/ExampleScenes/Prefabs/MineBot/Materials/mine_bot@forward-01 - Default.mat
  artifactKey: Guid(7c7ae9bbdf3d944e7877ee4243ac4801) Importer(815301076,1909f56bfc062723c751e8b465ee728b)
Start importing Assets/AstarPathfindingProject/ExampleScenes/Prefabs/MineBot/Materials/mine_bot@forward-01 - Default.mat using Guid(7c7ae9bbdf3d944e7877ee4243ac4801) Importer(815301076,1909f56bfc062723c751e8b465ee728b)  -> (artifact id: 'a31e049f3627fbddf5020312fa340448') in 0.009333 seconds 
  Import took 0.011858 seconds .

========================================================================
Received Import Request.
  Time since last request: 0.000294 seconds.
  path: Assets/AstarPathfindingProject/ExampleScenes/Example3_Recast_Navmesh1/Materials/structure2-Material.mat
  artifactKey: Guid(0b4c00bf1af5b45db943a3866a5a954d) Importer(815301076,1909f56bfc062723c751e8b465ee728b)
Start importing Assets/AstarPathfindingProject/ExampleScenes/Example3_Recast_Navmesh1/Materials/structure2-Material.mat using Guid(0b4c00bf1af5b45db943a3866a5a954d) Importer(815301076,1909f56bfc062723c751e8b465ee728b)  -> (artifact id: 'db00eef680964f4df14bbea758ae1525') in 0.010077 seconds 
  Import took 0.012578 seconds .

========================================================================
Received Import Request.
  Time since last request: 0.000256 seconds.
  path: Assets/AstarPathfindingProject/ExampleScenes/Example8_PathTypes/pathLine.mat
  artifactKey: Guid(f5dc516bdbde84c5c97a6cf7a8daa61f) Importer(815301076,1909f56bfc062723c751e8b465ee728b)
Start importing Assets/AstarPathfindingProject/ExampleScenes/Example8_PathTypes/pathLine.mat using Guid(f5dc516bdbde84c5c97a6cf7a8daa61f) Importer(815301076,1909f56bfc062723c751e8b465ee728b)  -> (artifact id: '8344490d89e0a106c37b90a39e6789f2') in 0.065412 seconds 
  Import took 0.067912 seconds .

========================================================================
Received Import Request.
  Time since last request: 0.000227 seconds.
  path: Assets/AstarPathfindingProject/Editor/EditorAssets/Materials/Navmesh.mat
  artifactKey: Guid(5ce51318bbfb1466188b929a68a6bd3a) Importer(815301076,1909f56bfc062723c751e8b465ee728b)
Start importing Assets/AstarPathfindingProject/Editor/EditorAssets/Materials/Navmesh.mat using Guid(5ce51318bbfb1466188b929a68a6bd3a) Importer(815301076,1909f56bfc062723c751e8b465ee728b)  -> (artifact id: '17477f47253a088e8cbaf63fea198169') in 0.012763 seconds 
  Import took 0.015372 seconds .

========================================================================
Received Import Request.
  Time since last request: 0.000221 seconds.
  path: Assets/AstarPathfindingProject/ExampleScenes/Materials/OrangeGround.mat
  artifactKey: Guid(20e84239fa93246fe8f7f753e8ee4ef2) Importer(815301076,1909f56bfc062723c751e8b465ee728b)
Start importing Assets/AstarPathfindingProject/ExampleScenes/Materials/OrangeGround.mat using Guid(20e84239fa93246fe8f7f753e8ee4ef2) Importer(815301076,1909f56bfc062723c751e8b465ee728b)  -> (artifact id: '5ed07c3b250fb4fcc4c2c16b5cd1e584') in 0.011324 seconds 
  Import took 0.013913 seconds .

========================================================================
Received Import Request.
  Time since last request: 0.000235 seconds.
  path: Assets/AstarPathfindingProject/ExampleScenes/Materials/BlueBox.mat
  artifactKey: Guid(99dbb3f3abc3c4845a9b650ff678e7c1) Importer(815301076,1909f56bfc062723c751e8b465ee728b)
Start importing Assets/AstarPathfindingProject/ExampleScenes/Materials/BlueBox.mat using Guid(99dbb3f3abc3c4845a9b650ff678e7c1) Importer(815301076,1909f56bfc062723c751e8b465ee728b)  -> (artifact id: '63aa0f8892ab42adc2087dde4d6c4f17') in 0.009489 seconds 
  Import took 0.012258 seconds .

========================================================================
Received Import Request.
  Time since last request: 0.000228 seconds.
  path: Assets/AstarPathfindingProject/ExampleScenes/Example5_PointGraph/blackText.mat
  artifactKey: Guid(87dee5d03323e4003a9785eface0284a) Importer(815301076,1909f56bfc062723c751e8b465ee728b)
Start importing Assets/AstarPathfindingProject/ExampleScenes/Example5_PointGraph/blackText.mat using Guid(87dee5d03323e4003a9785eface0284a) Importer(815301076,1909f56bfc062723c751e8b465ee728b)  -> (artifact id: '951e6c77b05215e1df8de60b65ac4fb9') in 0.010764 seconds 
  Import took 0.013622 seconds .

========================================================================
Received Import Request.
  Time since last request: 0.000261 seconds.
  path: Assets/AstarPathfindingProject/ExampleScenes/Prefabs/MineBot/Materials/mine_bot@back-01 - Default.mat
  artifactKey: Guid(0d2961682f01448ef8b2bf2cc390a419) Importer(815301076,1909f56bfc062723c751e8b465ee728b)
Start importing Assets/AstarPathfindingProject/ExampleScenes/Prefabs/MineBot/Materials/mine_bot@back-01 - Default.mat using Guid(0d2961682f01448ef8b2bf2cc390a419) Importer(815301076,1909f56bfc062723c751e8b465ee728b)  -> (artifact id: 'e3962b4cb5102524cf173eea88aa72a7') in 0.010464 seconds 
  Import took 0.013533 seconds .

========================================================================
Received Import Request.
  Time since last request: 0.000291 seconds.
  path: Assets/AstarPathfindingProject/ExampleScenes/Materials/PlayerShadow.mat
  artifactKey: Guid(75c517cf25ab446f497564d8b7cfaa58) Importer(815301076,1909f56bfc062723c751e8b465ee728b)
Start importing Assets/AstarPathfindingProject/ExampleScenes/Materials/PlayerShadow.mat using Guid(75c517cf25ab446f497564d8b7cfaa58) Importer(815301076,1909f56bfc062723c751e8b465ee728b)  -> (artifact id: 'a4bfbbc8ed6cfb262c4782c98b2cebb1') in 0.010632 seconds 
  Import took 0.013793 seconds .

========================================================================
Received Import Request.
  Time since last request: 0.000232 seconds.
  path: Assets/AstarPathfindingProject/ExampleScenes/Materials/Ground.mat
  artifactKey: Guid(3219de2d574674beb889c87b844502b5) Importer(815301076,1909f56bfc062723c751e8b465ee728b)
Start importing Assets/AstarPathfindingProject/ExampleScenes/Materials/Ground.mat using Guid(3219de2d574674beb889c87b844502b5) Importer(815301076,1909f56bfc062723c751e8b465ee728b)  -> (artifact id: '2334793d35720416e4e2df61db8c9db8') in 0.010110 seconds 
  Import took 0.013321 seconds .

========================================================================
Received Import Request.
  Time since last request: 0.000249 seconds.
  path: Assets/AstarPathfindingProject/ExampleScenes/Prefabs/MineBot/Materials/mine_bot@awake-01 - Default.mat
  artifactKey: Guid(67af7822a09c145bea7714196d07f476) Importer(815301076,1909f56bfc062723c751e8b465ee728b)
Start importing Assets/AstarPathfindingProject/ExampleScenes/Prefabs/MineBot/Materials/mine_bot@awake-01 - Default.mat using Guid(67af7822a09c145bea7714196d07f476) Importer(815301076,1909f56bfc062723c751e8b465ee728b)  -> (artifact id: '80f64b86f144d4aa5c7432578f46f182') in 0.010118 seconds 
  Import took 0.013234 seconds .

========================================================================
Received Import Request.
  Time since last request: 0.000278 seconds.
  path: Assets/AstarPathfindingProject/ExampleScenes/Materials/BlueCheckerGround.mat
  artifactKey: Guid(8f4d5503fdeab441e8c6c041504cf535) Importer(815301076,1909f56bfc062723c751e8b465ee728b)
Start importing Assets/AstarPathfindingProject/ExampleScenes/Materials/BlueCheckerGround.mat using Guid(8f4d5503fdeab441e8c6c041504cf535) Importer(815301076,1909f56bfc062723c751e8b465ee728b)  -> (artifact id: 'a2b422a1f36bec7237679f47e38f1207') in 0.038273 seconds 
  Import took 0.041212 seconds .

========================================================================
Received Import Request.
  Time since last request: 0.000269 seconds.
  path: Assets/AstarPathfindingProject/ExampleScenes/Example5_PointGraph/ListCubes.mat
  artifactKey: Guid(9c0721c9b4f3c4cb894656485acb9228) Importer(815301076,1909f56bfc062723c751e8b465ee728b)
Start importing Assets/AstarPathfindingProject/ExampleScenes/Example5_PointGraph/ListCubes.mat using Guid(9c0721c9b4f3c4cb894656485acb9228) Importer(815301076,1909f56bfc062723c751e8b465ee728b)  -> (artifact id: '742b077457b0091bd74577440ef34ed0') in 0.010945 seconds 
  Import took 0.014049 seconds .

========================================================================
Received Import Request.
  Time since last request: 0.000262 seconds.
  path: Assets/AstarPathfindingProject/ExampleScenes/Prefabs/MineBot/Materials/mine_bot-minebot.mat
  artifactKey: Guid(0f239eb41e29343e28970d1c5e9adede) Importer(815301076,1909f56bfc062723c751e8b465ee728b)
Start importing Assets/AstarPathfindingProject/ExampleScenes/Prefabs/MineBot/Materials/mine_bot-minebot.mat using Guid(0f239eb41e29343e28970d1c5e9adede) Importer(815301076,1909f56bfc062723c751e8b465ee728b)  -> (artifact id: '5f8f3573a7908ad1b061beb6b996642f') in 0.134453 seconds 
  Import took 0.137072 seconds .

========================================================================
Received Import Request.
  Time since last request: 0.000207 seconds.
  path: Assets/AstarPathfindingProject/ExampleScenes/Example13_Moving/WaterPlane.mat
  artifactKey: Guid(40e9cd3d557264fc49df68fe87fe6bdd) Importer(815301076,1909f56bfc062723c751e8b465ee728b)
Start importing Assets/AstarPathfindingProject/ExampleScenes/Example13_Moving/WaterPlane.mat using Guid(40e9cd3d557264fc49df68fe87fe6bdd) Importer(815301076,1909f56bfc062723c751e8b465ee728b)  -> (artifact id: 'bf983d952cea926fa0ac01f8687322f5') in 0.100827 seconds 
  Import took 0.103124 seconds .

========================================================================
Received Import Request.
  Time since last request: 0.000221 seconds.
  path: Assets/AstarPathfindingProject/ExampleScenes/Materials/PathRedArea.mat
  artifactKey: Guid(deda211578c2d47f69bee1211faed775) Importer(815301076,1909f56bfc062723c751e8b465ee728b)
Start importing Assets/AstarPathfindingProject/ExampleScenes/Materials/PathRedArea.mat using Guid(deda211578c2d47f69bee1211faed775) Importer(815301076,1909f56bfc062723c751e8b465ee728b)  -> (artifact id: 'c8effe2a8282b162cc28211ada0d8241') in 0.010813 seconds 
  Import took 0.013203 seconds .

========================================================================
Received Import Request.
  Time since last request: 0.000220 seconds.
  path: Assets/AstarPathfindingProject/ExampleScenes/Example5_PointGraph/ex5Ground.mat
  artifactKey: Guid(46e0ecefe2ba442a5825f21e42530872) Importer(815301076,1909f56bfc062723c751e8b465ee728b)
Start importing Assets/AstarPathfindingProject/ExampleScenes/Example5_PointGraph/ex5Ground.mat using Guid(46e0ecefe2ba442a5825f21e42530872) Importer(815301076,1909f56bfc062723c751e8b465ee728b)  -> (artifact id: '6b0c036c8473d59650f21a33932d56b3') in 0.034323 seconds 
  Import took 0.036854 seconds .

========================================================================
Received Import Request.
  Time since last request: 0.000253 seconds.
  path: Assets/AstarPathfindingProject/ExampleScenes/Example13_Moving/Materials/No Name.mat
  artifactKey: Guid(adb67b32341a04fd98b9f93aef9b07b2) Importer(815301076,1909f56bfc062723c751e8b465ee728b)
Start importing Assets/AstarPathfindingProject/ExampleScenes/Example13_Moving/Materials/No Name.mat using Guid(adb67b32341a04fd98b9f93aef9b07b2) Importer(815301076,1909f56bfc062723c751e8b465ee728b)  -> (artifact id: '061a985e55aa3a4e771ef246725e2a18') in 0.010658 seconds 
  Import took 0.013230 seconds .

========================================================================
Received Import Request.
  Time since last request: 0.000251 seconds.
  path: Assets/AstarPathfindingProject/ExampleScenes/Example6_Navmesh/Materials/navmesh-navmesh_example6navmeshMat.mat
  artifactKey: Guid(1f2d61fa60ed54991a4e629fdb13e1f3) Importer(815301076,1909f56bfc062723c751e8b465ee728b)
Start importing Assets/AstarPathfindingProject/ExampleScenes/Example6_Navmesh/Materials/navmesh-navmesh_example6navmeshMat.mat using Guid(1f2d61fa60ed54991a4e629fdb13e1f3) Importer(815301076,1909f56bfc062723c751e8b465ee728b)  -> (artifact id: '0ae40046f55f4388e3e4b9e31e17d153') in 0.010394 seconds 
  Import took 0.013360 seconds .

========================================================================
Received Import Request.
  Time since last request: 0.000277 seconds.
  path: Assets/AstarPathfindingProject/ExampleScenes/Example8_PathTypes/pathSquare.mat
  artifactKey: Guid(1c0721d430ad04938a36f5a1b677c1c2) Importer(815301076,1909f56bfc062723c751e8b465ee728b)
Start importing Assets/AstarPathfindingProject/ExampleScenes/Example8_PathTypes/pathSquare.mat using Guid(1c0721d430ad04938a36f5a1b677c1c2) Importer(815301076,1909f56bfc062723c751e8b465ee728b)  -> (artifact id: '8ed32adcf37cd48ef38f30797a5225a1') in 0.010146 seconds 
  Import took 0.013237 seconds .

========================================================================
Received Import Request.
  Time since last request: 0.000258 seconds.
  path: Assets/AstarPathfindingProject/ExampleScenes/Materials/Wall.mat
  artifactKey: Guid(cf1ecd0b49db547c4b565a629c69a256) Importer(815301076,1909f56bfc062723c751e8b465ee728b)
Start importing Assets/AstarPathfindingProject/ExampleScenes/Materials/Wall.mat using Guid(cf1ecd0b49db547c4b565a629c69a256) Importer(815301076,1909f56bfc062723c751e8b465ee728b)  -> (artifact id: 'd0ef804f2ce725fe5f70804a0c4d82eb') in 0.010460 seconds 
  Import took 0.013206 seconds .

========================================================================
Received Import Request.
  Time since last request: 0.000266 seconds.
  path: Assets/AstarPathfindingProject/ExampleScenes/Materials/PathBlueArea.mat
  artifactKey: Guid(6e0bae036cdbd42bfb17a675c07df5f9) Importer(815301076,1909f56bfc062723c751e8b465ee728b)
Start importing Assets/AstarPathfindingProject/ExampleScenes/Materials/PathBlueArea.mat using Guid(6e0bae036cdbd42bfb17a675c07df5f9) Importer(815301076,1909f56bfc062723c751e8b465ee728b)  -> (artifact id: 'ad44bbf0e14d755b0a79bd393bec2bbf') in 0.011010 seconds 
  Import took 0.013689 seconds .

========================================================================
Received Import Request.
  Time since last request: 0.000237 seconds.
  path: Assets/AstarPathfindingProject/ExampleScenes/Materials/PathGreyCube.mat
  artifactKey: Guid(48e8130f8426d4539a2879304cc512fb) Importer(815301076,1909f56bfc062723c751e8b465ee728b)
Start importing Assets/AstarPathfindingProject/ExampleScenes/Materials/PathGreyCube.mat using Guid(48e8130f8426d4539a2879304cc512fb) Importer(815301076,1909f56bfc062723c751e8b465ee728b)  -> (artifact id: '4881a5947983c36e5487c2a7bbc8ec0d') in 0.009932 seconds 
  Import took 0.012583 seconds .

========================================================================
Received Import Request.
  Time since last request: 0.000243 seconds.
  path: Assets/AstarPathfindingProject/ExampleScenes/Prefabs/MineBot/Materials/mine_bot-01 - Default.mat
  artifactKey: Guid(1829738127541482a895692670703544) Importer(815301076,1909f56bfc062723c751e8b465ee728b)
Start importing Assets/AstarPathfindingProject/ExampleScenes/Prefabs/MineBot/Materials/mine_bot-01 - Default.mat using Guid(1829738127541482a895692670703544) Importer(815301076,1909f56bfc062723c751e8b465ee728b)  -> (artifact id: '88a9a3175a6eb5aa3f2a67e9f6faa410') in 0.009481 seconds 
  Import took 0.012706 seconds .

========================================================================
Received Import Request.
  Time since last request: 0.000261 seconds.
  path: Assets/AstarPathfindingProject/ExampleScenes/Prefabs/MineBot/Materials/mine_bot@right-01 - Default.mat
  artifactKey: Guid(a0410f0ca50c248fbaad373ecfcf872b) Importer(815301076,1909f56bfc062723c751e8b465ee728b)
Start importing Assets/AstarPathfindingProject/ExampleScenes/Prefabs/MineBot/Materials/mine_bot@right-01 - Default.mat using Guid(a0410f0ca50c248fbaad373ecfcf872b) Importer(815301076,1909f56bfc062723c751e8b465ee728b)  -> (artifact id: '2fd8d97cd41650ee54686626d9639554') in 0.009765 seconds 
  Import took 0.012697 seconds .

========================================================================
Received Import Request.
  Time since last request: 0.000233 seconds.
  path: Assets/AstarPathfindingProject/ExampleScenes/Example12_Procedural/TopDownOverlay.mat
  artifactKey: Guid(d3d92ca2f0e9e4bfb9c0fbe69453486a) Importer(815301076,1909f56bfc062723c751e8b465ee728b)
Start importing Assets/AstarPathfindingProject/ExampleScenes/Example12_Procedural/TopDownOverlay.mat using Guid(d3d92ca2f0e9e4bfb9c0fbe69453486a) Importer(815301076,1909f56bfc062723c751e8b465ee728b)  -> (artifact id: '4132bd9f3178e3968180f165937e85fc') in 0.010964 seconds 
  Import took 0.013421 seconds .

========================================================================
Received Import Request.
  Time since last request: 0.000246 seconds.
  path: Assets/AstarPathfindingProject/ExampleScenes/Materials/GroundRTS.mat
  artifactKey: Guid(48404990b059d4ad881cae67992eb592) Importer(815301076,1909f56bfc062723c751e8b465ee728b)
Start importing Assets/AstarPathfindingProject/ExampleScenes/Materials/GroundRTS.mat using Guid(48404990b059d4ad881cae67992eb592) Importer(815301076,1909f56bfc062723c751e8b465ee728b)  -> (artifact id: '59697360beab35ca6e3a3cf562abb898') in 0.009895 seconds 
  Import took 0.013012 seconds .

========================================================================
Received Import Request.
  Time since last request: 0.000310 seconds.
  path: Assets/AstarPathfindingProject/ExampleScenes/Prefabs/MineBot/Materials/mine_bot@left-01 - Default.mat
  artifactKey: Guid(84be6514d56e743dd9b8f1a1fca98f50) Importer(815301076,1909f56bfc062723c751e8b465ee728b)
Start importing Assets/AstarPathfindingProject/ExampleScenes/Prefabs/MineBot/Materials/mine_bot@left-01 - Default.mat using Guid(84be6514d56e743dd9b8f1a1fca98f50) Importer(815301076,1909f56bfc062723c751e8b465ee728b)  -> (artifact id: '9d5e9688060e98798419d4eeaa43168f') in 0.009395 seconds 
  Import took 0.012024 seconds .

========================================================================
Received Import Request.
  Time since last request: 0.000272 seconds.
  path: Assets/AstarPathfindingProject/ExampleScenes/Example11_RVO/Arrow.mat
  artifactKey: Guid(6ac95c099f0e2ad4d90aa8dbf92a6f5d) Importer(815301076,1909f56bfc062723c751e8b465ee728b)
Start importing Assets/AstarPathfindingProject/ExampleScenes/Example11_RVO/Arrow.mat using Guid(6ac95c099f0e2ad4d90aa8dbf92a6f5d) Importer(815301076,1909f56bfc062723c751e8b465ee728b)  -> (artifact id: 'c2a428d3f4f929878d361948c51c2f70') in 0.033838 seconds 
  Import took 0.036743 seconds .

========================================================================
Received Import Request.
  Time since last request: 0.000288 seconds.
  path: Assets/AstarPathfindingProject/ExampleScenes/Materials/SomeBox.mat
  artifactKey: Guid(86ebf3c4b42174d2a9d3c1dfd2476f32) Importer(815301076,1909f56bfc062723c751e8b465ee728b)
Start importing Assets/AstarPathfindingProject/ExampleScenes/Materials/SomeBox.mat using Guid(86ebf3c4b42174d2a9d3c1dfd2476f32) Importer(815301076,1909f56bfc062723c751e8b465ee728b)  -> (artifact id: '7db1663e5349a583417b99f963c20c9f') in 0.010646 seconds 
  Import took 0.013113 seconds .

========================================================================
Received Import Request.
  Time since last request: 0.000288 seconds.
  path: Assets/AstarPathfindingProject/ExampleScenes/Example3_Recast_Navmesh1/Materials/Material.mat
  artifactKey: Guid(6744540c2b299465799c6bc35f8b0b56) Importer(815301076,1909f56bfc062723c751e8b465ee728b)
Start importing Assets/AstarPathfindingProject/ExampleScenes/Example3_Recast_Navmesh1/Materials/Material.mat using Guid(6744540c2b299465799c6bc35f8b0b56) Importer(815301076,1909f56bfc062723c751e8b465ee728b)  -> (artifact id: '452b22bd753bf126f81a247bbdcdc665') in 0.009537 seconds 
  Import took 0.012052 seconds .

========================================================================
Received Import Request.
  Time since last request: 0.000324 seconds.
  path: Assets/AstarPathfindingProject/ExampleScenes/Materials/BlueGround.mat
  artifactKey: Guid(b71b71b0a1f9a48768a27ca6eefcfbdf) Importer(815301076,1909f56bfc062723c751e8b465ee728b)
Start importing Assets/AstarPathfindingProject/ExampleScenes/Materials/BlueGround.mat using Guid(b71b71b0a1f9a48768a27ca6eefcfbdf) Importer(815301076,1909f56bfc062723c751e8b465ee728b)  -> (artifact id: 'fc1807ec6596b8660579092d8c0e3ae7') in 0.009732 seconds 
  Import took 0.012440 seconds .

========================================================================
Received Import Request.
  Time since last request: 0.000336 seconds.
  path: Assets/AstarPathfindingProject/ExampleScenes/Materials/Door.mat
  artifactKey: Guid(863174fbef875425ca78e4c949f12318) Importer(815301076,1909f56bfc062723c751e8b465ee728b)
Start importing Assets/AstarPathfindingProject/ExampleScenes/Materials/Door.mat using Guid(863174fbef875425ca78e4c949f12318) Importer(815301076,1909f56bfc062723c751e8b465ee728b)  -> (artifact id: 'c73ee13f375914ca245124c0676b9f18') in 0.009313 seconds 
  Import took 0.012316 seconds .

========================================================================
Received Import Request.
  Time since last request: 9.814299 seconds.
  path: Assets
  artifactKey: Guid(00000000000000001000000000000000) Importer(815301076,1909f56bfc062723c751e8b465ee728b)
Start importing Assets using Guid(00000000000000001000000000000000) Importer(815301076,1909f56bfc062723c751e8b465ee728b)  -> (artifact id: '42d402b061de3733987d63b9cc3b64de') in 0.004754 seconds 
  Import took 0.007502 seconds .

========================================================================
Received Import Request.
  Time since last request: 2.527112 seconds.
  path: Assets/Scenes
  artifactKey: Guid(0f547e5bc96403c4d967b4e48bb06780) Importer(815301076,1909f56bfc062723c751e8b465ee728b)
Start importing Assets/Scenes using Guid(0f547e5bc96403c4d967b4e48bb06780) Importer(815301076,1909f56bfc062723c751e8b465ee728b)  -> (artifact id: '1dec8fa2a240fc2093507f4e19648a82') in 0.004520 seconds 
  Import took 0.007367 seconds .

========================================================================
Received Import Request.
  Time since last request: 15.276352 seconds.
  path: Assets/Scenes/A_.prefab
  artifactKey: Guid(7244e006c1813494e800b5d1fb0d0d91) Importer(815301076,1909f56bfc062723c751e8b465ee728b)
Start importing Assets/Scenes/A_.prefab using Guid(7244e006c1813494e800b5d1fb0d0d91) Importer(815301076,1909f56bfc062723c751e8b465ee728b)  -> (artifact id: '82863e3e4636a8c6e730cb5f771083ec') in 0.010092 seconds 
  Import took 0.012851 seconds .

AssetImportWorkerClient::OnTransportError - code=2 error=End of file
